  main.cpp
g:\nthu_islab\firstgrade\cg\hw01\as01_framework\as01_framework\hw1_vs2017_framework\openglframework-vs2017\main.cpp(265): warning C4244: '正在初始化': 將 'double' 轉換為 'GLfloat'，由於類型不同，可能導致資料遺失
g:\nthu_islab\firstgrade\cg\hw01\as01_framework\as01_framework\hw1_vs2017_framework\openglframework-vs2017\main.cpp(271): warning C4244: '引數': 將 'double' 轉換為 'float'，由於類型不同，可能導致資料遺失
g:\nthu_islab\firstgrade\cg\hw01\as01_framework\as01_framework\hw1_vs2017_framework\openglframework-vs2017\main.cpp(317): warning C4305: '正在初始化': 從 'double' 轉換為 'GLfloat'，是由較大的類型轉換為較小的類型，可能導致資料遺失
g:\nthu_islab\firstgrade\cg\hw01\as01_framework\as01_framework\hw1_vs2017_framework\openglframework-vs2017\main.cpp(324): warning C4305: '正在初始化': 從 'double' 轉換為 'GLfloat'，是由較大的類型轉換為較小的類型，可能導致資料遺失
g:\nthu_islab\firstgrade\cg\hw01\as01_framework\as01_framework\hw1_vs2017_framework\openglframework-vs2017\main.cpp(466): warning C4244: '引數': 將 'double' 轉換為 'float'，由於類型不同，可能導致資料遺失
g:\nthu_islab\firstgrade\cg\hw01\as01_framework\as01_framework\hw1_vs2017_framework\openglframework-vs2017\main.cpp(470): warning C4244: '引數': 將 'double' 轉換為 'float'，由於類型不同，可能導致資料遺失
g:\nthu_islab\firstgrade\cg\hw01\as01_framework\as01_framework\hw1_vs2017_framework\openglframework-vs2017\main.cpp(474): warning C4244: '引數': 將 'double' 轉換為 'float'，由於類型不同，可能導致資料遺失
g:\nthu_islab\firstgrade\cg\hw01\as01_framework\as01_framework\hw1_vs2017_framework\openglframework-vs2017\main.cpp(478): warning C4244: '引數': 將 'double' 轉換為 'float'，由於類型不同，可能導致資料遺失
g:\nthu_islab\firstgrade\cg\hw01\as01_framework\as01_framework\hw1_vs2017_framework\openglframework-vs2017\main.cpp(484): warning C4244: '引數': 將 'double' 轉換為 'float'，由於類型不同，可能導致資料遺失
g:\nthu_islab\firstgrade\cg\hw01\as01_framework\as01_framework\hw1_vs2017_framework\openglframework-vs2017\main.cpp(490): warning C4244: '引數': 將 'double' 轉換為 'float'，由於類型不同，可能導致資料遺失
g:\nthu_islab\firstgrade\cg\hw01\as01_framework\as01_framework\hw1_vs2017_framework\openglframework-vs2017\main.cpp(519): warning C4244: '引數': 將 'double' 轉換為 'float'，由於類型不同，可能導致資料遺失
g:\nthu_islab\firstgrade\cg\hw01\as01_framework\as01_framework\hw1_vs2017_framework\openglframework-vs2017\main.cpp(522): warning C4244: '引數': 將 'double' 轉換為 'float'，由於類型不同，可能導致資料遺失
g:\nthu_islab\firstgrade\cg\hw01\as01_framework\as01_framework\hw1_vs2017_framework\openglframework-vs2017\main.cpp(525): warning C4244: '引數': 將 'double' 轉換為 'float'，由於類型不同，可能導致資料遺失
g:\nthu_islab\firstgrade\cg\hw01\as01_framework\as01_framework\hw1_vs2017_framework\openglframework-vs2017\main.cpp(528): warning C4244: '引數': 將 'double' 轉換為 'float'，由於類型不同，可能導致資料遺失
g:\nthu_islab\firstgrade\cg\hw01\as01_framework\as01_framework\hw1_vs2017_framework\openglframework-vs2017\main.cpp(533): warning C4244: '引數': 將 'double' 轉換為 'float'，由於類型不同，可能導致資料遺失
g:\nthu_islab\firstgrade\cg\hw01\as01_framework\as01_framework\hw1_vs2017_framework\openglframework-vs2017\main.cpp(538): warning C4244: '引數': 將 'double' 轉換為 'float'，由於類型不同，可能導致資料遺失
g:\nthu_islab\firstgrade\cg\hw01\as01_framework\as01_framework\hw1_vs2017_framework\openglframework-vs2017\main.cpp(545): warning C4244: '=': 將 'double' 轉換為 'int'，由於類型不同，可能導致資料遺失
g:\nthu_islab\firstgrade\cg\hw01\as01_framework\as01_framework\hw1_vs2017_framework\openglframework-vs2017\main.cpp(546): warning C4244: '=': 將 'double' 轉換為 'int'，由於類型不同，可能導致資料遺失
g:\nthu_islab\firstgrade\cg\hw01\as01_framework\as01_framework\hw1_vs2017_framework\openglframework-vs2017\main.cpp(761): warning C4477: 'printf' : 格式字串 '%d' 需要 'int' 類型的引數，但 variadic 引數 1 的類型為 'unsigned __int64'
  g:\nthu_islab\firstgrade\cg\hw01\as01_framework\as01_framework\hw1_vs2017_framework\openglframework-vs2017\main.cpp(761): note: 請考慮在格式字串中使用 '%zd'
g:\nthu_islab\firstgrade\cg\hw01\as01_framework\as01_framework\hw1_vs2017_framework\openglframework-vs2017\main.cpp(761): warning C4477: 'printf' : 格式字串 '%d' 需要 'int' 類型的引數，但 variadic 引數 2 的類型為 'unsigned __int64'
  g:\nthu_islab\firstgrade\cg\hw01\as01_framework\as01_framework\hw1_vs2017_framework\openglframework-vs2017\main.cpp(761): note: 請考慮在格式字串中使用 '%zd'
g:\nthu_islab\firstgrade\cg\hw01\as01_framework\as01_framework\hw1_vs2017_framework\openglframework-vs2017\main.cpp(773): warning C4267: '=': 將 'size_t' 轉換為 'int'，資料可能遺失
g:\nthu_islab\firstgrade\cg\hw01\as01_framework\as01_framework\hw1_vs2017_framework\openglframework-vs2017\main.cpp(798): warning C4305: '=': 從 'double' 轉換為 'GLfloat'，是由較大的類型轉換為較小的類型，可能導致資料遺失
g:\nthu_islab\firstgrade\cg\hw01\as01_framework\as01_framework\hw1_vs2017_framework\openglframework-vs2017\main.cpp(819): warning C4305: '引數': 從 'double' 轉換為 'GLfloat'，是由較大的類型轉換為較小的類型，可能導致資料遺失
  OpenGLFramework-VS2017.vcxproj -> G:\NTHU_ISLAB\firstgrade\CG\HW01\AS01_Framework\AS01_Framework\HW1_VS2017_Framework\x64\Debug\OpenGLFramework-VS2017.exe
